<?xml version="1.0" encoding="UTF-8"?>
<testsuite xmlns:xsi="http://www.w3.org/2001/XMLSchema-instance" xsi:noNamespaceSchemaLocation="https://maven.apache.org/surefire/maven-surefire-plugin/xsd/surefire-test-report-3.0.xsd" version="3.0" name="com.pm.test.PmApplicationTests" time="6.581" tests="1" errors="0" skipped="0" failures="0">
  <properties>
[...]
</properties>
  <testcase name="contextLoads" classname="com.pm.test.PmApplicationTests" time="0.536">
    <system-out><![CDATA[14:07:23.753 [main] INFO org.springframework.test.context.support.AnnotationConfigContextLoaderUtils -- Could not detect default configuration classes for test class [com.pm.test.PmApplicationTests]: PmApplicationTests does not declare any static, non-private, non-final, nested classes annotated with @Configuration.
14:07:23.897 [main] INFO org.springframework.boot.test.context.SpringBootTestContextBootstrapper -- Found @SpringBootConfiguration com.pm.test.PmApplication for test class com.pm.test.PmApplicationTests

  .   ____          _            __ _ _
 /\\ / ___'_ __ _ _(_)_ __  __ _ \ \ \ \
( ( )\___ | '_ | '_| | '_ \/ _` | \ \ \ \
 \\/  ___)| |_)| | | | | || (_| |  ) ) ) )
  '  |____| .__|_| |_|_| |_\__, | / / / /
 =========|_|==============|___/=/_/_/_/

 :: Spring Boot ::                (v3.3.4)

2024-10-01T14:07:24.395+01:00  INFO 17284 --- [PM] [           main] com.pm.test.PmApplicationTests           : Starting PmApplicationTests using Java 21.0.1 with PID 17284 (started by lenovo in C:\Users\lenovo\Documents\workspace-spring-tool-suite-4-4.23.1.RELEASE\PM)
2024-10-01T14:07:24.396+01:00  INFO 17284 --- [PM] [           main] com.pm.test.PmApplicationTests           : No active profile set, falling back to 1 default profile: "default"
2024-10-01T14:07:25.268+01:00  INFO 17284 --- [PM] [           main] .s.d.r.c.RepositoryConfigurationDelegate : Bootstrapping Spring Data JPA repositories in DEFAULT mode.
2024-10-01T14:07:25.347+01:00  INFO 17284 --- [PM] [           main] .s.d.r.c.RepositoryConfigurationDelegate : Finished Spring Data repository scanning in 67 ms. Found 3 JPA repository interfaces.
2024-10-01T14:07:25.963+01:00  INFO 17284 --- [PM] [           main] o.hibernate.jpa.internal.util.LogHelper  : HHH000204: Processing PersistenceUnitInfo [name: default]
2024-10-01T14:07:26.075+01:00  INFO 17284 --- [PM] [           main] org.hibernate.Version                    : HHH000412: Hibernate ORM core version 6.5.3.Final
2024-10-01T14:07:26.138+01:00  INFO 17284 --- [PM] [           main] o.h.c.internal.RegionFactoryInitiator    : HHH000026: Second-level cache disabled
2024-10-01T14:07:26.588+01:00  INFO 17284 --- [PM] [           main] o.s.o.j.p.SpringPersistenceUnitInfo      : No LoadTimeWeaver setup: ignoring JPA class transformer
2024-10-01T14:07:26.652+01:00  INFO 17284 --- [PM] [           main] com.zaxxer.hikari.HikariDataSource       : HikariPool-1 - Starting...
2024-10-01T14:07:27.091+01:00  INFO 17284 --- [PM] [           main] com.zaxxer.hikari.pool.HikariPool        : HikariPool-1 - Added connection com.mysql.cj.jdbc.ConnectionImpl@59a94d0f
2024-10-01T14:07:27.094+01:00  INFO 17284 --- [PM] [           main] com.zaxxer.hikari.HikariDataSource       : HikariPool-1 - Start completed.
2024-10-01T14:07:27.126+01:00  WARN 17284 --- [PM] [           main] org.hibernate.orm.deprecation            : HHH90000025: MySQL8Dialect does not need to be specified explicitly using 'hibernate.dialect' (remove the property setting and it will be selected by default)
2024-10-01T14:07:27.128+01:00  WARN 17284 --- [PM] [           main] org.hibernate.orm.deprecation            : HHH90000026: MySQL8Dialect has been deprecated; use org.hibernate.dialect.MySQLDialect instead
2024-10-01T14:07:28.221+01:00  INFO 17284 --- [PM] [           main] o.h.e.t.j.p.i.JtaPlatformInitiator       : HHH000489: No JTA platform available (set 'hibernate.transaction.jta.platform' to enable JTA platform integration)
Hibernate: alter table users drop foreign key FKr95pbptjxl4q7eapgned9ymr0
Hibernate: drop table if exists roles_entity
Hibernate: drop table if exists task_entity
Hibernate: drop table if exists users
Hibernate: create table roles_entity (creation_date datetime(6), id bigint not null auto_increment, last_update datetime(6), role_name varchar(255), primary key (id)) engine=InnoDB
Hibernate: create table task_entity (creation_date datetime(6), id bigint not null auto_increment, last_update datetime(6), description varchar(255), task_name varchar(255), primary key (id)) engine=InnoDB
Hibernate: create table users (creation_date datetime(6), id bigint not null auto_increment, last_update datetime(6), role bigint, email varchar(255), first_name varchar(255), last_name varchar(255), password varchar(255), primary key (id)) engine=InnoDB
Hibernate: alter table users add constraint FKr95pbptjxl4q7eapgned9ymr0 foreign key (role) references roles_entity (id)
2024-10-01T14:07:28.499+01:00  INFO 17284 --- [PM] [           main] j.LocalContainerEntityManagerFactoryBean : Initialized JPA EntityManagerFactory for persistence unit 'default'
2024-10-01T14:07:29.086+01:00  WARN 17284 --- [PM] [           main] JpaBaseConfiguration$JpaWebConfiguration : spring.jpa.open-in-view is enabled by default. Therefore, database queries may be performed during view rendering. Explicitly configure spring.jpa.open-in-view to disable this warning
2024-10-01T14:07:29.538+01:00  INFO 17284 --- [PM] [           main] com.pm.test.PmApplicationTests           : Started PmApplicationTests in 5.474 seconds (process running for 6.673)
]]></system-out>
    <system-err><![CDATA[WARNING: A Java agent has been loaded dynamically (C:\Users\lenovo\.m2\repository\net\bytebuddy\byte-buddy-agent\1.14.19\byte-buddy-agent-1.14.19.jar)
WARNING: If a serviceability tool is in use, please run with -XX:+EnableDynamicAgentLoading to hide this warning
WARNING: If a serviceability tool is not in use, please run with -Djdk.instrument.traceUsage for more information
WARNING: Dynamic loading of agents will be disallowed by default in a future release
]]></system-err>
  </testcase>
</testsuite>